                                 Started job on |	Mar 11 23:19:48
                             Started mapping on |	Mar 11 23:20:24
                                    Finished on |	Mar 11 23:38:29
       Mapping speed, Million of reads per hour |	155.18

                          Number of input reads |	46770157
                      Average input read length |	200
                                    UNIQUE READS:
                   Uniquely mapped reads number |	42980877
                        Uniquely mapped reads % |	91.90%
                          Average mapped length |	200.10
                       Number of splices: Total |	31985229
            Number of splices: Annotated (sjdb) |	31613497
                       Number of splices: GT/AG |	31664640
                       Number of splices: GC/AG |	241460
                       Number of splices: AT/AC |	30022
               Number of splices: Non-canonical |	49107
                      Mismatch rate per base, % |	0.14%
                         Deletion rate per base |	0.01%
                        Deletion average length |	1.88
                        Insertion rate per base |	0.01%
                       Insertion average length |	1.53
                             MULTI-MAPPING READS:
        Number of reads mapped to multiple loci |	2530526
             % of reads mapped to multiple loci |	5.41%
        Number of reads mapped to too many loci |	22864
             % of reads mapped to too many loci |	0.05%
                                  UNMAPPED READS:
  Number of reads unmapped: too many mismatches |	0
       % of reads unmapped: too many mismatches |	0.00%
            Number of reads unmapped: too short |	1221420
                 % of reads unmapped: too short |	2.61%
                Number of reads unmapped: other |	14470
                     % of reads unmapped: other |	0.03%
                                  CHIMERIC READS:
                       Number of chimeric reads |	0
                            % of chimeric reads |	0.00%
