           Time    Speed        Read     Read   Mapped   Mapped   Mapped   Mapped Unmapped Unmapped Unmapped Unmapped
                    M/hr      number   length   unique   length   MMrate    multi   multi+       MM    short    other
Mar 13 17:37:17    210.7     3803906      200    92.0%    200.1     0.1%     5.4%     0.1%     0.0%     2.6%     0.0%
Mar 13 17:38:18    181.6     6354412      200    91.9%    200.1     0.1%     5.4%     0.1%     0.0%     2.6%     0.0%
Mar 13 17:39:18    161.5     8345113      200    91.9%    200.1     0.1%     5.4%     0.1%     0.0%     2.6%     0.0%
Mar 13 17:40:20    159.8    11011576      200    91.9%    200.1     0.1%     5.4%     0.1%     0.0%     2.6%     0.0%
Mar 13 17:41:24    168.3    14589649      200    91.9%    200.1     0.1%     5.4%     0.0%     0.0%     2.6%     0.0%
Mar 13 17:42:25    168.8    17489228      200    91.9%    200.1     0.1%     5.4%     0.0%     0.0%     2.6%     0.0%
Mar 13 17:43:27    159.5    19278315      200    91.9%    200.1     0.1%     5.4%     0.0%     0.0%     2.6%     0.0%
Mar 13 17:44:30    153.6    21252563      200    91.9%    200.1     0.1%     5.4%     0.0%     0.0%     2.6%     0.0%
Mar 13 17:45:33    149.0    23226841      200    91.9%    200.1     0.1%     5.4%     0.0%     0.0%     2.6%     0.0%
Mar 13 17:46:38    144.9    25201022      200    91.9%    200.1     0.1%     5.4%     0.0%     0.0%     2.6%     0.0%
Mar 13 17:47:39    143.0    27298332      200    91.9%    200.1     0.1%     5.4%     0.0%     0.0%     2.6%     0.0%
Mar 13 17:48:41    140.1    29149010      200    91.9%    200.1     0.1%     5.4%     0.0%     0.0%     2.6%     0.0%
Mar 13 17:49:42    141.9    31925111      200    91.9%    200.1     0.1%     5.4%     0.0%     0.0%     2.6%     0.0%
Mar 13 17:50:43    144.7    35009631      200    91.9%    200.1     0.1%     5.4%     0.0%     0.0%     2.6%     0.0%
Mar 13 17:51:43    147.5    38155757      200    91.9%    200.1     0.1%     5.4%     0.0%     0.0%     2.6%     0.0%
Mar 13 17:52:43    146.7    40376468      200    91.9%    200.1     0.1%     5.4%     0.0%     0.0%     2.6%     0.0%
Mar 13 17:53:47    145.4    42597337      200    91.9%    200.1     0.1%     5.4%     0.0%     0.0%     2.6%     0.0%
Mar 13 17:54:56    143.2    44694842      200    91.9%    200.1     0.1%     5.4%     0.0%     0.0%     2.6%     0.0%
Mar 13 17:58:40    124.9    46770157      200    91.9%    200.1     0.1%     5.4%     0.0%     0.0%     2.6%     0.0%
ALL DONE!
