STAR version=2.7.10a
STAR compilation time,server,dir=2022-01-14T18:50:00-05:00 :/home/dobin/data/STAR/STARcode/STAR.master/source
STAR git: On branch master ; commit ae26add7ea1724f3281ec8abedb71bcff6a4ae73 ; diff files: CHANGES.md README.md RELEASEnotes.md doc/STARmanual.pdf extras/doc-latex/STARmanual.tex extras/doc-latex/convertParDefToLatexTable.awk extras/doc-latex/parametersDefault.tex extras/docker/Dockerfile source/VERSION 
##### Command Line:
/private/groups/brookslab/bin/STAR-2.7.10a/bin/Linux_x86_64/STAR --runThreadN 10 --genomeDir /private/groups/brookslab/reference_indices/star_hg38_rausharm --readFilesIn /private/groups/brookslab/scratch/rausharm/sra_acc.04.23.24_hnrnpa2b1/fastq/SRR4422332_pass_1.fastq /private/groups/brookslab/scratch/rausharm/sra_acc.04.23.24_hnrnpa2b1/fastq/SRR4422332_pass_2.fastq --outFileNamePrefix /private/groups/brookslab/rausharm/RBPSig/hnrnpa2b1/star_output_04.23.24/SRR4422332/SRR4422332_ --outSAMtype BAM SortedByCoordinate
##### Initial USER parameters from Command Line:
outFileNamePrefix                 /private/groups/brookslab/rausharm/RBPSig/hnrnpa2b1/star_output_04.23.24/SRR4422332/SRR4422332_
###### All USER parameters from Command Line:
runThreadN                    10     ~RE-DEFINED
genomeDir                     /private/groups/brookslab/reference_indices/star_hg38_rausharm     ~RE-DEFINED
readFilesIn                   /private/groups/brookslab/scratch/rausharm/sra_acc.04.23.24_hnrnpa2b1/fastq/SRR4422332_pass_1.fastq   /private/groups/brookslab/scratch/rausharm/sra_acc.04.23.24_hnrnpa2b1/fastq/SRR4422332_pass_2.fastq        ~RE-DEFINED
outFileNamePrefix             /private/groups/brookslab/rausharm/RBPSig/hnrnpa2b1/star_output_04.23.24/SRR4422332/SRR4422332_     ~RE-DEFINED
outSAMtype                    BAM   SortedByCoordinate        ~RE-DEFINED
##### Finished reading parameters from all sources

##### Final user re-defined parameters-----------------:
runThreadN                        10
genomeDir                         /private/groups/brookslab/reference_indices/star_hg38_rausharm
readFilesIn                       /private/groups/brookslab/scratch/rausharm/sra_acc.04.23.24_hnrnpa2b1/fastq/SRR4422332_pass_1.fastq   /private/groups/brookslab/scratch/rausharm/sra_acc.04.23.24_hnrnpa2b1/fastq/SRR4422332_pass_2.fastq   
outFileNamePrefix                 /private/groups/brookslab/rausharm/RBPSig/hnrnpa2b1/star_output_04.23.24/SRR4422332/SRR4422332_
outSAMtype                        BAM   SortedByCoordinate   

-------------------------------
##### Final effective command line:
/private/groups/brookslab/bin/STAR-2.7.10a/bin/Linux_x86_64/STAR   --runThreadN 10   --genomeDir /private/groups/brookslab/reference_indices/star_hg38_rausharm   --readFilesIn /private/groups/brookslab/scratch/rausharm/sra_acc.04.23.24_hnrnpa2b1/fastq/SRR4422332_pass_1.fastq   /private/groups/brookslab/scratch/rausharm/sra_acc.04.23.24_hnrnpa2b1/fastq/SRR4422332_pass_2.fastq      --outFileNamePrefix /private/groups/brookslab/rausharm/RBPSig/hnrnpa2b1/star_output_04.23.24/SRR4422332/SRR4422332_   --outSAMtype BAM   SortedByCoordinate   
----------------------------------------

Number of fastq files for each mate = 1

EXITING because of fatal input ERROR: could not open readFilesIn=/private/groups/brookslab/scratch/rausharm/sra_acc.04.23.24_hnrnpa2b1/fastq/SRR4422332_pass_1.fastq

Apr 23 22:03:46 ...... FATAL ERROR, exiting
