                                 Started job on |	Apr 24 14:08:03
                             Started mapping on |	Apr 24 14:08:31
                                    Finished on |	Apr 24 14:19:53
       Mapping speed, Million of reads per hour |	202.54

                          Number of input reads |	38370991
                      Average input read length |	200
                                    UNIQUE READS:
                   Uniquely mapped reads number |	30184241
                        Uniquely mapped reads % |	78.66%
                          Average mapped length |	196.34
                       Number of splices: Total |	21956630
            Number of splices: Annotated (sjdb) |	21752789
                       Number of splices: GT/AG |	21753705
                       Number of splices: GC/AG |	155630
                       Number of splices: AT/AC |	23391
               Number of splices: Non-canonical |	23904
                      Mismatch rate per base, % |	0.54%
                         Deletion rate per base |	0.01%
                        Deletion average length |	1.70
                        Insertion rate per base |	0.00%
                       Insertion average length |	1.66
                             MULTI-MAPPING READS:
        Number of reads mapped to multiple loci |	2041630
             % of reads mapped to multiple loci |	5.32%
        Number of reads mapped to too many loci |	48195
             % of reads mapped to too many loci |	0.13%
                                  UNMAPPED READS:
  Number of reads unmapped: too many mismatches |	0
       % of reads unmapped: too many mismatches |	0.00%
            Number of reads unmapped: too short |	6059036
                 % of reads unmapped: too short |	15.79%
                Number of reads unmapped: other |	37889
                     % of reads unmapped: other |	0.10%
                                  CHIMERIC READS:
                       Number of chimeric reads |	0
                            % of chimeric reads |	0.00%
